<?xml version="1.0" encoding="UTF-8"?>
<!-- Generated by org.testng.reporters.JUnitReportReporter -->
<testsuite hostname="lapapotte" name="org.openrefine.wikidata.schema.WbStatementExprTest" tests="8" failures="0" timestamp="6 Jan 2020 12:28:47 GMT" time="0.139" errors="0">
  <testcase name="testEvaluate" time="0.016" classname="org.openrefine.wikidata.schema.WbStatementExprTest"/>
  <testcase name="testEvaluateWithoutReference" time="0.016" classname="org.openrefine.wikidata.schema.WbStatementExprTest"/>
  <testcase name="testSkip" time="0.016" classname="org.openrefine.wikidata.schema.WbStatementExprTest"/>
  <testcase name="testEvaluateWithoutQualifier" time="0.007" classname="org.openrefine.wikidata.schema.WbStatementExprTest"/>
  <testcase name="testEvaluateWithConstant" time="0.008" classname="org.openrefine.wikidata.schema.WbStatementExprTest"/>
  <testcase name="testSerialize" time="0.045" classname="org.openrefine.wikidata.schema.WbStatementExprTest"/>
  <testcase name="testCreation" time="0.017" classname="org.openrefine.wikidata.schema.WbStatementExprTest"/>
  <testcase name="testEvaluateWithoutQualifierAndReference" time="0.014" classname="org.openrefine.wikidata.schema.WbStatementExprTest"/>
</testsuite> <!-- org.openrefine.wikidata.schema.WbStatementExprTest -->
