<?xml version="1.0" encoding="UTF-8"?>
<!-- Generated by org.testng.reporters.JUnitReportReporter -->
<testsuite hostname="lapapotte" name="org.openrefine.wikidata.commands.SaveWikibaseSchemaCommandTest" tests="4" failures="0" timestamp="6 Jan 2020 12:28:47 GMT" time="0.234" errors="0">
  <testcase name="testValidSchema" time="0.038" classname="org.openrefine.wikidata.commands.SaveWikibaseSchemaCommandTest"/>
  <testcase name="testCsrfProtection" time="0.015" classname="org.openrefine.wikidata.commands.SaveWikibaseSchemaCommandTest"/>
  <testcase name="testInvalidSchema" time="0.173" classname="org.openrefine.wikidata.commands.SaveWikibaseSchemaCommandTest"/>
  <testcase name="testNoSchema" time="0.008" classname="org.openrefine.wikidata.commands.SaveWikibaseSchemaCommandTest"/>
</testsuite> <!-- org.openrefine.wikidata.commands.SaveWikibaseSchemaCommandTest -->
