<?xml version="1.0" encoding="UTF-8"?>
<!-- Generated by org.testng.reporters.JUnitReportReporter -->
<testsuite hostname="lapapotte" name="org.openrefine.wikidata.schema.WbItemVariableTest" tests="6" failures="0" timestamp="6 Jan 2020 12:28:47 GMT" time="0.074" errors="0">
  <testcase name="testUnreconciledCell" time="0.011" classname="org.openrefine.wikidata.schema.WbItemVariableTest"/>
  <testcase name="testNewItemCell" time="0.010" classname="org.openrefine.wikidata.schema.WbItemVariableTest"/>
  <testcase name="testReconciledCell" time="0.008" classname="org.openrefine.wikidata.schema.WbItemVariableTest"/>
  <testcase name="testSerialize" time="0.020" classname="org.openrefine.wikidata.schema.WbItemVariableTest"/>
  <testcase name="testUnmatchedCell" time="0.013" classname="org.openrefine.wikidata.schema.WbItemVariableTest"/>
  <testcase name="testInvalidSpace" time="0.012" classname="org.openrefine.wikidata.schema.WbItemVariableTest"/>
</testsuite> <!-- org.openrefine.wikidata.schema.WbItemVariableTest -->
