<?xml version="1.0" encoding="UTF-8"?>
<!-- Generated by org.testng.reporters.JUnitReportReporter -->
<testsuite hostname="lapapotte" name="org.openrefine.wikidata.utils.EntityCacheTests" tests="1" failures="0" timestamp="6 Jan 2020 12:28:47 GMT" time="0.104" errors="0">
  <testcase name="testGet" time="0.104" classname="org.openrefine.wikidata.utils.EntityCacheTests"/>
</testsuite> <!-- org.openrefine.wikidata.utils.EntityCacheTests -->
