<?xml version="1.0" encoding="UTF-8"?>
<!-- Generated by org.testng.reporters.JUnitReportReporter -->
<testsuite hostname="lapapotte" name="org.openrefine.wikidata.qa.scrutinizers.QualifierCompatibilityScrutinizerTest" tests="3" failures="0" timestamp="6 Jan 2020 12:28:47 GMT" time="0.006" errors="0">
  <testcase name="testDisallowedQualifier" time="0.004" classname="org.openrefine.wikidata.qa.scrutinizers.QualifierCompatibilityScrutinizerTest"/>
  <testcase name="testGoodEdit" time="0.001" classname="org.openrefine.wikidata.qa.scrutinizers.QualifierCompatibilityScrutinizerTest"/>
  <testcase name="testMissingQualifier" time="0.001" classname="org.openrefine.wikidata.qa.scrutinizers.QualifierCompatibilityScrutinizerTest"/>
</testsuite> <!-- org.openrefine.wikidata.qa.scrutinizers.QualifierCompatibilityScrutinizerTest -->
