<?xml version="1.0" encoding="UTF-8"?>
<!-- Generated by org.testng.reporters.JUnitReportReporter -->
<testsuite hostname="lapapotte" name="org.openrefine.wikidata.schema.WbStringVariableTest" tests="9" failures="0" timestamp="6 Jan 2020 12:28:47 GMT" time="0.109" errors="0">
  <testcase name="testLargeDouble" time="0.006" classname="org.openrefine.wikidata.schema.WbStringVariableTest"/>
  <testcase name="testInteger" time="0.013" classname="org.openrefine.wikidata.schema.WbStringVariableTest"/>
  <testcase name="testDoubleWhitespace" time="0.016" classname="org.openrefine.wikidata.schema.WbStringVariableTest"/>
  <testcase name="testLong" time="0.004" classname="org.openrefine.wikidata.schema.WbStringVariableTest"/>
  <testcase name="testLeadingWhitespace" time="0.021" classname="org.openrefine.wikidata.schema.WbStringVariableTest"/>
  <testcase name="testEmpty" time="0.010" classname="org.openrefine.wikidata.schema.WbStringVariableTest"/>
  <testcase name="testSimpleString" time="0.016" classname="org.openrefine.wikidata.schema.WbStringVariableTest"/>
  <testcase name="testTrailingWhitespace" time="0.006" classname="org.openrefine.wikidata.schema.WbStringVariableTest"/>
  <testcase name="testDoubleInteger" time="0.017" classname="org.openrefine.wikidata.schema.WbStringVariableTest"/>
</testsuite> <!-- org.openrefine.wikidata.schema.WbStringVariableTest -->
