<?xml version="1.0" encoding="UTF-8"?>
<!-- Generated by org.testng.reporters.JUnitReportReporter -->
<testsuite hostname="lapapotte" name="org.openrefine.wikidata.schema.WbStringConstantTest" tests="4" failures="0" timestamp="6 Jan 2020 12:28:47 GMT" time="0.050" errors="0">
  <testcase name="testEvaluate" time="0.011" classname="org.openrefine.wikidata.schema.WbStringConstantTest"/>
  <testcase name="testSerialize" time="0.012" classname="org.openrefine.wikidata.schema.WbStringConstantTest"/>
  <testcase name="testTrim" time="0.021" classname="org.openrefine.wikidata.schema.WbStringConstantTest"/>
  <testcase name="testEmpty" time="0.006" classname="org.openrefine.wikidata.schema.WbStringConstantTest"/>
</testsuite> <!-- org.openrefine.wikidata.schema.WbStringConstantTest -->
