<?xml version="1.0" encoding="UTF-8"?>
<!-- Generated by org.testng.reporters.JUnitReportReporter -->
<testsuite hostname="lapapotte" name="org.openrefine.wikidata.qa.scrutinizers.RestrictedValuesScrutinizerTest" tests="5" failures="0" timestamp="6 Jan 2020 12:28:47 GMT" time="0.006" errors="0">
  <testcase name="testAllowedValueFailing" time="0.001" classname="org.openrefine.wikidata.qa.scrutinizers.RestrictedValuesScrutinizerTest"/>
  <testcase name="testDisallowedValue" time="0.002" classname="org.openrefine.wikidata.qa.scrutinizers.RestrictedValuesScrutinizerTest"/>
  <testcase name="testNoConstraint" time="0.001" classname="org.openrefine.wikidata.qa.scrutinizers.RestrictedValuesScrutinizerTest"/>
  <testcase name="testAllowedValue" time="0.001" classname="org.openrefine.wikidata.qa.scrutinizers.RestrictedValuesScrutinizerTest"/>
  <testcase name="testDisallowedValueFailing" time="0.001" classname="org.openrefine.wikidata.qa.scrutinizers.RestrictedValuesScrutinizerTest"/>
</testsuite> <!-- org.openrefine.wikidata.qa.scrutinizers.RestrictedValuesScrutinizerTest -->
