<?xml version="1.0" encoding="UTF-8"?>
<!-- Generated by org.testng.reporters.JUnitReportReporter -->
<testsuite hostname="lapapotte" name="org.openrefine.wikidata.schema.WbReferenceExprTest" tests="4" failures="0" timestamp="6 Jan 2020 12:28:47 GMT" time="0.024" errors="0">
  <testcase name="testEvaluateWithOneSkip" time="0.004" classname="org.openrefine.wikidata.schema.WbReferenceExprTest"/>
  <testcase name="testEvaluate" time="0.007" classname="org.openrefine.wikidata.schema.WbReferenceExprTest"/>
  <testcase name="testNoValidSnak" time="0.006" classname="org.openrefine.wikidata.schema.WbReferenceExprTest"/>
  <testcase name="testSerialize" time="0.007" classname="org.openrefine.wikidata.schema.WbReferenceExprTest"/>
</testsuite> <!-- org.openrefine.wikidata.schema.WbReferenceExprTest -->
