<?xml version="1.0" encoding="UTF-8"?>
<!-- Generated by org.testng.reporters.JUnitReportReporter -->
<testsuite hostname="lapapotte" name="org.openrefine.wikidata.schema.entityvalues.ReconEntityIdValueTest" tests="10" failures="0" timestamp="6 Jan 2020 12:28:47 GMT" time="0.009" errors="0">
  <testcase name="testHashCode" time="0.001" classname="org.openrefine.wikidata.schema.entityvalues.ReconEntityIdValueTest"/>
  <testcase name="testIsNew" time="0.001" classname="org.openrefine.wikidata.schema.entityvalues.ReconEntityIdValueTest"/>
  <testcase name="testGetIri" time="0.000" classname="org.openrefine.wikidata.schema.entityvalues.ReconEntityIdValueTest"/>
  <testcase name="testGetId" time="0.001" classname="org.openrefine.wikidata.schema.entityvalues.ReconEntityIdValueTest"/>
  <testcase name="testToString" time="0.000" classname="org.openrefine.wikidata.schema.entityvalues.ReconEntityIdValueTest"/>
  <testcase name="testGetTypes" time="0.000" classname="org.openrefine.wikidata.schema.entityvalues.ReconEntityIdValueTest"/>
  <testcase name="testGetSiteIri" time="0.001" classname="org.openrefine.wikidata.schema.entityvalues.ReconEntityIdValueTest"/>
  <testcase name="testGetLabel" time="0.001" classname="org.openrefine.wikidata.schema.entityvalues.ReconEntityIdValueTest"/>
  <testcase name="testGetRecon" time="0.001" classname="org.openrefine.wikidata.schema.entityvalues.ReconEntityIdValueTest"/>
  <testcase name="testEquality" time="0.003" classname="org.openrefine.wikidata.schema.entityvalues.ReconEntityIdValueTest"/>
</testsuite> <!-- org.openrefine.wikidata.schema.entityvalues.ReconEntityIdValueTest -->
