<?xml version="1.0" encoding="UTF-8"?>
<!-- Generated by org.testng.reporters.JUnitReportReporter -->
<testsuite hostname="lapapotte" name="org.openrefine.wikidata.schema.WbLanguageConstantTest" tests="3" failures="0" timestamp="6 Jan 2020 12:28:47 GMT" time="1.485" errors="0">
  <testcase name="testNormalizeLanguageCode" time="0.009" classname="org.openrefine.wikidata.schema.WbLanguageConstantTest"/>
  <testcase name="testEvaluation" time="0.008" classname="org.openrefine.wikidata.schema.WbLanguageConstantTest"/>
  <testcase name="testSerialization" time="1.468" classname="org.openrefine.wikidata.schema.WbLanguageConstantTest"/>
</testsuite> <!-- org.openrefine.wikidata.schema.WbLanguageConstantTest -->
