<?xml version="1.0" encoding="UTF-8"?>
<!-- Generated by org.testng.reporters.JUnitReportReporter -->
<testsuite hostname="lapapotte" name="org.openrefine.wikidata.schema.WbNameDescExprTest" tests="6" failures="0" timestamp="6 Jan 2020 12:28:47 GMT" time="0.039" errors="0">
  <testcase name="testGetters" time="0.006" classname="org.openrefine.wikidata.schema.WbNameDescExprTest"/>
  <testcase name="testSkipped" time="0.004" classname="org.openrefine.wikidata.schema.WbNameDescExprTest"/>
  <testcase name="testContributeToDescription" time="0.003" classname="org.openrefine.wikidata.schema.WbNameDescExprTest"/>
  <testcase name="testContributeToAlias" time="0.007" classname="org.openrefine.wikidata.schema.WbNameDescExprTest"/>
  <testcase name="testContributeToLabel" time="0.015" classname="org.openrefine.wikidata.schema.WbNameDescExprTest"/>
  <testcase name="testSerialization" time="0.004" classname="org.openrefine.wikidata.schema.WbNameDescExprTest"/>
</testsuite> <!-- org.openrefine.wikidata.schema.WbNameDescExprTest -->
