<?xml version="1.0" encoding="UTF-8"?>
<!-- Generated by org.testng.reporters.JUnitReportReporter -->
<testsuite hostname="lapapotte" name="org.openrefine.wikidata.editing.EditBatchProcessorTest" tests="2" failures="0" timestamp="6 Jan 2020 12:28:47 GMT" time="0.275" errors="0">
  <testcase name="testMultipleBatches" time="0.121" classname="org.openrefine.wikidata.editing.EditBatchProcessorTest"/>
  <testcase name="testNewItem" time="0.154" classname="org.openrefine.wikidata.editing.EditBatchProcessorTest"/>
</testsuite> <!-- org.openrefine.wikidata.editing.EditBatchProcessorTest -->
