<?xml version="1.0" encoding="UTF-8"?>
<!-- Generated by org.testng.reporters.JUnitReportReporter -->
<testsuite hostname="lapapotte" name="org.openrefine.wikidata.schema.WikibaseSchemaTest" tests="5" failures="0" timestamp="6 Jan 2020 12:28:47 GMT" time="0.072" errors="0">
  <testcase name="testDeserializeEmpty" time="0.014" classname="org.openrefine.wikidata.schema.WikibaseSchemaTest"/>
  <testcase name="testSerialize" time="0.012" classname="org.openrefine.wikidata.schema.WikibaseSchemaTest"/>
  <testcase name="testEvaluateRespectsFacets" time="0.027" classname="org.openrefine.wikidata.schema.WikibaseSchemaTest"/>
  <testcase name="testDeserialize" time="0.009" classname="org.openrefine.wikidata.schema.WikibaseSchemaTest"/>
  <testcase name="testEvaluate" time="0.010" classname="org.openrefine.wikidata.schema.WikibaseSchemaTest"/>
</testsuite> <!-- org.openrefine.wikidata.schema.WikibaseSchemaTest -->
