<?xml version="1.0" encoding="UTF-8"?>
<!-- Generated by org.testng.reporters.JUnitReportReporter -->
<testsuite hostname="lapapotte" name="org.openrefine.wikidata.qa.QAWarningStoreTest" tests="3" failures="0" timestamp="6 Jan 2020 12:28:47 GMT" time="0.006" errors="0">
  <testcase name="testCount" time="0.001" classname="org.openrefine.wikidata.qa.QAWarningStoreTest"/>
  <testcase name="testMaxSeverity" time="0.000" classname="org.openrefine.wikidata.qa.QAWarningStoreTest"/>
  <testcase name="testSerialize" time="0.005" classname="org.openrefine.wikidata.qa.QAWarningStoreTest"/>
</testsuite> <!-- org.openrefine.wikidata.qa.QAWarningStoreTest -->
