<?xml version="1.0" encoding="UTF-8"?>
<!-- Generated by org.testng.reporters.JUnitReportReporter -->
<testsuite hostname="lapapotte" name="org.openrefine.wikidata.exporters.SchemaExporterTest" tests="1" failures="0" timestamp="6 Jan 2020 12:28:47 GMT" time="0.008" errors="0">
  <testcase name="testNoSchema" time="0.008" classname="org.openrefine.wikidata.exporters.SchemaExporterTest"/>
</testsuite> <!-- org.openrefine.wikidata.exporters.SchemaExporterTest -->
