<?xml version="1.0" encoding="UTF-8"?>
<!-- Generated by org.testng.reporters.JUnitReportReporter -->
<testsuite hostname="lapapotte" name="org.openrefine.wikidata.commands.PreviewWikibaseSchemaCommandTest" tests="3" failures="0" timestamp="6 Jan 2020 12:28:47 GMT" time="3.279" errors="0">
  <testcase name="testValidSchema" time="3.260" classname="org.openrefine.wikidata.commands.PreviewWikibaseSchemaCommandTest"/>
  <testcase name="testNoSchema" time="0.010" classname="org.openrefine.wikidata.commands.PreviewWikibaseSchemaCommandTest"/>
  <testcase name="testInvalidSchema" time="0.009" classname="org.openrefine.wikidata.commands.PreviewWikibaseSchemaCommandTest"/>
</testsuite> <!-- org.openrefine.wikidata.commands.PreviewWikibaseSchemaCommandTest -->
