<?xml version="1.0" encoding="UTF-8"?>
<!-- Generated by org.testng.reporters.JUnitReportReporter -->
<testsuite hostname="lapapotte" name="org.openrefine.wikidata.qa.scrutinizers.WhitespaceScrutinizerTest" tests="5" failures="0" timestamp="6 Jan 2020 12:28:47 GMT" time="0.012" errors="0">
  <testcase name="testMonolingualTextValue" time="0.005" classname="org.openrefine.wikidata.qa.scrutinizers.WhitespaceScrutinizerTest"/>
  <testcase name="testNoIssue" time="0.001" classname="org.openrefine.wikidata.qa.scrutinizers.WhitespaceScrutinizerTest"/>
  <testcase name="testMultipleIssues" time="0.001" classname="org.openrefine.wikidata.qa.scrutinizers.WhitespaceScrutinizerTest"/>
  <testcase name="testDuplicateWhitespace" time="0.003" classname="org.openrefine.wikidata.qa.scrutinizers.WhitespaceScrutinizerTest"/>
  <testcase name="testNonPrintableChars" time="0.002" classname="org.openrefine.wikidata.qa.scrutinizers.WhitespaceScrutinizerTest"/>
</testsuite> <!-- org.openrefine.wikidata.qa.scrutinizers.WhitespaceScrutinizerTest -->
