<?xml version="1.0" encoding="UTF-8"?>
<!-- Generated by org.testng.reporters.JUnitReportReporter -->
<testsuite hostname="lapapotte" name="org.openrefine.wikidata.schema.WbItemConstantTest" tests="2" failures="0" timestamp="6 Jan 2020 12:28:47 GMT" time="0.022" errors="0">
  <testcase name="testSerialize" time="0.012" classname="org.openrefine.wikidata.schema.WbItemConstantTest"/>
  <testcase name="testEvaluate" time="0.010" classname="org.openrefine.wikidata.schema.WbItemConstantTest"/>
</testsuite> <!-- org.openrefine.wikidata.schema.WbItemConstantTest -->
