<?xml version="1.0" encoding="UTF-8"?>
<!-- Generated by org.testng.reporters.JUnitReportReporter -->
<testsuite hostname="lapapotte" name="org.openrefine.wikidata.qa.scrutinizers.QuantityScrutinizerTest" tests="11" failures="0" timestamp="6 Jan 2020 12:28:47 GMT" time="0.059" errors="0">
  <testcase name="testNoUnit" time="0.002" classname="org.openrefine.wikidata.qa.scrutinizers.QuantityScrutinizerTest"/>
  <testcase name="testUnitReqired" time="0.007" classname="org.openrefine.wikidata.qa.scrutinizers.QuantityScrutinizerTest"/>
  <testcase name="testInteger" time="0.003" classname="org.openrefine.wikidata.qa.scrutinizers.QuantityScrutinizerTest"/>
  <testcase name="testBoundsAllowed" time="0.017" classname="org.openrefine.wikidata.qa.scrutinizers.QuantityScrutinizerTest"/>
  <testcase name="testFractionalDisallowed" time="0.003" classname="org.openrefine.wikidata.qa.scrutinizers.QuantityScrutinizerTest"/>
  <testcase name="testBoundsDisallowed" time="0.004" classname="org.openrefine.wikidata.qa.scrutinizers.QuantityScrutinizerTest"/>
  <testcase name="testUnitForbidden" time="0.013" classname="org.openrefine.wikidata.qa.scrutinizers.QuantityScrutinizerTest"/>
  <testcase name="testTrailingZeros" time="0.001" classname="org.openrefine.wikidata.qa.scrutinizers.QuantityScrutinizerTest"/>
  <testcase name="testWrongUnit" time="0.004" classname="org.openrefine.wikidata.qa.scrutinizers.QuantityScrutinizerTest"/>
  <testcase name="testGoodUnit" time="0.002" classname="org.openrefine.wikidata.qa.scrutinizers.QuantityScrutinizerTest"/>
  <testcase name="testFractionalAllowed" time="0.003" classname="org.openrefine.wikidata.qa.scrutinizers.QuantityScrutinizerTest"/>
</testsuite> <!-- org.openrefine.wikidata.qa.scrutinizers.QuantityScrutinizerTest -->
