<?xml version="1.0" encoding="UTF-8"?>
<!-- Generated by org.testng.reporters.JUnitReportReporter -->
<testsuite hostname="lapapotte" name="org.openrefine.wikidata.operations.PerformWikibaseEditsOperationTest" tests="3" failures="0" timestamp="6 Jan 2020 12:28:47 GMT" time="0.037" errors="0">
  <testcase name="testConstructor" time="0.006" classname="org.openrefine.wikidata.operations.PerformWikibaseEditsOperationTest"/>
  <testcase name="testReconstruct" time="0.015" classname="org.openrefine.wikidata.operations.PerformWikibaseEditsOperationTest"/>
  <testcase name="testLoadChange" time="0.016" classname="org.openrefine.wikidata.operations.PerformWikibaseEditsOperationTest"/>
</testsuite> <!-- org.openrefine.wikidata.operations.PerformWikibaseEditsOperationTest -->
