<?xml version="1.0" encoding="UTF-8"?>
<!-- Generated by org.testng.reporters.JUnitReportReporter -->
<testsuite hostname="lapapotte" name="org.openrefine.wikidata.qa.scrutinizers.FormatScrutinizerTest" tests="3" failures="0" timestamp="6 Jan 2020 12:28:47 GMT" time="0.003" errors="0">
  <testcase name="testIncompleteMatch" time="0.001" classname="org.openrefine.wikidata.qa.scrutinizers.FormatScrutinizerTest"/>
  <testcase name="testNoIssue" time="0.001" classname="org.openrefine.wikidata.qa.scrutinizers.FormatScrutinizerTest"/>
  <testcase name="testTrigger" time="0.001" classname="org.openrefine.wikidata.qa.scrutinizers.FormatScrutinizerTest"/>
</testsuite> <!-- org.openrefine.wikidata.qa.scrutinizers.FormatScrutinizerTest -->
