<?xml version="1.0" encoding="UTF-8"?>
<!-- Generated by org.testng.reporters.JUnitReportReporter -->
<testsuite hostname="lapapotte" name="org.openrefine.wikidata.updates.ItemUpdateTest" tests="17" failures="0" timestamp="6 Jan 2020 12:28:47 GMT" time="0.017" errors="0">
  <testcase name="testMergeDescriptionsIfNew" time="0.001" classname="org.openrefine.wikidata.updates.ItemUpdateTest"/>
  <testcase name="testMergeLabelsIfNewOverriding" time="0.001" classname="org.openrefine.wikidata.updates.ItemUpdateTest"/>
  <testcase name="testMergeDescriptionsIfNewOverriding2" time="0.001" classname="org.openrefine.wikidata.updates.ItemUpdateTest"/>
  <testcase name="testMergeDescriptionsIfNewOverriding" time="0.001" classname="org.openrefine.wikidata.updates.ItemUpdateTest"/>
  <testcase name="testIsNew" time="0.000" classname="org.openrefine.wikidata.updates.ItemUpdateTest"/>
  <testcase name="testCreateWithoutSubject" time="0.000" classname="org.openrefine.wikidata.updates.ItemUpdateTest"/>
  <testcase name="testIsEmpty" time="0.000" classname="org.openrefine.wikidata.updates.ItemUpdateTest"/>
  <testcase name="testDeleteStatements" time="0.001" classname="org.openrefine.wikidata.updates.ItemUpdateTest"/>
  <testcase name="testNormalizeTerms" time="0.002" classname="org.openrefine.wikidata.updates.ItemUpdateTest"/>
  <testcase name="testMergeLabelsIfNew" time="0.002" classname="org.openrefine.wikidata.updates.ItemUpdateTest"/>
  <testcase name="testConstructOverridingLabels" time="0.001" classname="org.openrefine.wikidata.updates.ItemUpdateTest"/>
  <testcase name="testMerge" time="0.001" classname="org.openrefine.wikidata.updates.ItemUpdateTest"/>
  <testcase name="testGroupBySubject" time="0.003" classname="org.openrefine.wikidata.updates.ItemUpdateTest"/>
  <testcase name="testMergeLabelsIfNewOverriding2" time="0.000" classname="org.openrefine.wikidata.updates.ItemUpdateTest"/>
  <testcase name="testIsNull" time="0.000" classname="org.openrefine.wikidata.updates.ItemUpdateTest"/>
  <testcase name="testAddStatements" time="0.002" classname="org.openrefine.wikidata.updates.ItemUpdateTest"/>
  <testcase name="testMergeLabels" time="0.001" classname="org.openrefine.wikidata.updates.ItemUpdateTest"/>
</testsuite> <!-- org.openrefine.wikidata.updates.ItemUpdateTest -->
