<?xml version="1.0" encoding="UTF-8"?>
<!-- Generated by org.testng.reporters.JUnitReportReporter -->
<testsuite hostname="lapapotte" name="org.openrefine.wikidata.editing.ReconEntityRewriterTest" tests="8" failures="0" timestamp="6 Jan 2020 12:28:47 GMT" time="0.019" errors="0">
  <testcase name="testRewriteUpdateOnPreviouslyCreatedEntity" time="0.001" classname="org.openrefine.wikidata.editing.ReconEntityRewriterTest"/>
  <testcase name="testRewriteCreate" time="0.008" classname="org.openrefine.wikidata.editing.ReconEntityRewriterTest"/>
  <testcase name="testSubjectNotRewritten" time="0.001" classname="org.openrefine.wikidata.editing.ReconEntityRewriterTest"/>
  <testcase name="testNotCreatedYet" time="0.001" classname="org.openrefine.wikidata.editing.ReconEntityRewriterTest"/>
  <testcase name="testMatched" time="0.004" classname="org.openrefine.wikidata.editing.ReconEntityRewriterTest"/>
  <testcase name="testRewriteUpdateOnExistingEntity" time="0.002" classname="org.openrefine.wikidata.editing.ReconEntityRewriterTest"/>
  <testcase name="testSubjectRewritten" time="0.000" classname="org.openrefine.wikidata.editing.ReconEntityRewriterTest"/>
  <testcase name="testSuccessfulRewrite" time="0.002" classname="org.openrefine.wikidata.editing.ReconEntityRewriterTest"/>
</testsuite> <!-- org.openrefine.wikidata.editing.ReconEntityRewriterTest -->
