<?xml version="1.0" encoding="UTF-8"?>
<!-- Generated by org.testng.reporters.JUnitReportReporter -->
<testsuite hostname="lapapotte" name="org.openrefine.wikidata.schema.WbMonolingualExprTest" tests="6" failures="0" timestamp="6 Jan 2020 12:28:47 GMT" time="0.059" errors="0">
  <testcase name="testInvalidLanguageCode" time="0.008" classname="org.openrefine.wikidata.schema.WbMonolingualExprTest"/>
  <testcase name="testTrim" time="0.024" classname="org.openrefine.wikidata.schema.WbMonolingualExprTest"/>
  <testcase name="testEvaluateConstant" time="0.004" classname="org.openrefine.wikidata.schema.WbMonolingualExprTest"/>
  <testcase name="testEvaluateVariable" time="0.004" classname="org.openrefine.wikidata.schema.WbMonolingualExprTest"/>
  <testcase name="testEmptyText" time="0.014" classname="org.openrefine.wikidata.schema.WbMonolingualExprTest"/>
  <testcase name="testEmptyLanguageCode" time="0.005" classname="org.openrefine.wikidata.schema.WbMonolingualExprTest"/>
</testsuite> <!-- org.openrefine.wikidata.schema.WbMonolingualExprTest -->
