<?xml version="1.0" encoding="UTF-8"?>
<!-- Generated by org.testng.reporters.JUnitReportReporter -->
<testsuite hostname="lapapotte" name="org.openrefine.wikidata.updates.scheduler.WikibaseAPIUpdateSchedulerTest" tests="7" failures="0" timestamp="6 Jan 2020 12:28:47 GMT" time="0.032" errors="0">
  <testcase name="testNewItemMentioned" time="0.004" classname="org.openrefine.wikidata.updates.scheduler.WikibaseAPIUpdateSchedulerTest"/>
  <testcase name="testMergeNew" time="0.007" classname="org.openrefine.wikidata.updates.scheduler.WikibaseAPIUpdateSchedulerTest"/>
  <testcase name="testMixedUpdate" time="0.005" classname="org.openrefine.wikidata.updates.scheduler.WikibaseAPIUpdateSchedulerTest"/>
  <testcase name="testMerge" time="0.006" classname="org.openrefine.wikidata.updates.scheduler.WikibaseAPIUpdateSchedulerTest"/>
  <testcase name="testNewItemNotMentioned" time="0.005" classname="org.openrefine.wikidata.updates.scheduler.WikibaseAPIUpdateSchedulerTest"/>
  <testcase name="testUpdateIsNotSplit" time="0.003" classname="org.openrefine.wikidata.updates.scheduler.WikibaseAPIUpdateSchedulerTest"/>
  <testcase name="testOrderPreserved" time="0.002" classname="org.openrefine.wikidata.updates.scheduler.WikibaseAPIUpdateSchedulerTest"/>
</testsuite> <!-- org.openrefine.wikidata.updates.scheduler.WikibaseAPIUpdateSchedulerTest -->
