<?xml version="1.0" encoding="UTF-8"?>
<!-- Generated by org.testng.reporters.JUnitReportReporter -->
<testsuite hostname="lapapotte" name="org.openrefine.wikidata.editing.NewItemLibraryTest" tests="3" failures="0" timestamp="6 Jan 2020 12:28:47 GMT" time="0.245" errors="0">
  <testcase name="testRetrieveItem" time="0.002" classname="org.openrefine.wikidata.editing.NewItemLibraryTest"/>
  <testcase name="testUpdateReconciledCells" time="0.230" classname="org.openrefine.wikidata.editing.NewItemLibraryTest"/>
  <testcase name="testSerialize" time="0.013" classname="org.openrefine.wikidata.editing.NewItemLibraryTest"/>
</testsuite> <!-- org.openrefine.wikidata.editing.NewItemLibraryTest -->
