<?xml version="1.0" encoding="UTF-8"?>
<!-- Generated by org.testng.reporters.JUnitReportReporter -->
<testsuite hostname="lapapotte" name="org.openrefine.wikidata.operations.SaveWikibaseSchemaOperationTest" tests="2" failures="0" timestamp="6 Jan 2020 12:28:47 GMT" time="0.132" errors="0">
  <testcase name="testReconstruct" time="0.017" classname="org.openrefine.wikidata.operations.SaveWikibaseSchemaOperationTest"/>
  <testcase name="testLoadChange" time="0.115" classname="org.openrefine.wikidata.operations.SaveWikibaseSchemaOperationTest"/>
</testsuite> <!-- org.openrefine.wikidata.operations.SaveWikibaseSchemaOperationTest -->
