<?xml version="1.0" encoding="UTF-8"?>
<!-- Generated by org.testng.reporters.JUnitReportReporter -->
<testsuite hostname="lapapotte" name="org.openrefine.wikidata.qa.scrutinizers.CalendarScrutinizerTest" tests="4" failures="0" timestamp="6 Jan 2020 12:28:47 GMT" time="0.011" errors="0">
  <testcase name="testScrutinizeEarlyYear" time="0.003" classname="org.openrefine.wikidata.qa.scrutinizers.CalendarScrutinizerTest"/>
  <testcase name="testScrutinizeCloseValue" time="0.001" classname="org.openrefine.wikidata.qa.scrutinizers.CalendarScrutinizerTest"/>
  <testcase name="testScrutinizeEarlyDay" time="0.005" classname="org.openrefine.wikidata.qa.scrutinizers.CalendarScrutinizerTest"/>
  <testcase name="testScrutinizeRecentValue" time="0.002" classname="org.openrefine.wikidata.qa.scrutinizers.CalendarScrutinizerTest"/>
</testsuite> <!-- org.openrefine.wikidata.qa.scrutinizers.CalendarScrutinizerTest -->
