<?xml version="1.0" encoding="UTF-8"?>
<!-- Generated by org.testng.reporters.JUnitReportReporter -->
<testsuite hostname="lapapotte" name="org.openrefine.wikidata.updates.scheduler.QuickStatementsUpdateSchedulerTest" tests="8" failures="0" timestamp="6 Jan 2020 12:28:47 GMT" time="0.065" errors="0">
  <testcase name="testMerge" time="0.007" classname="org.openrefine.wikidata.updates.scheduler.QuickStatementsUpdateSchedulerTest"/>
  <testcase name="testImpossibleForQS" time="0.020" classname="org.openrefine.wikidata.updates.scheduler.QuickStatementsUpdateSchedulerTest"/>
  <testcase name="testNewItemNotMentioned" time="0.005" classname="org.openrefine.wikidata.updates.scheduler.QuickStatementsUpdateSchedulerTest"/>
  <testcase name="testMergeNew" time="0.003" classname="org.openrefine.wikidata.updates.scheduler.QuickStatementsUpdateSchedulerTest"/>
  <testcase name="testNoNewItem" time="0.011" classname="org.openrefine.wikidata.updates.scheduler.QuickStatementsUpdateSchedulerTest"/>
  <testcase name="testSplitUpdate" time="0.010" classname="org.openrefine.wikidata.updates.scheduler.QuickStatementsUpdateSchedulerTest"/>
  <testcase name="testNewItemMentioned" time="0.007" classname="org.openrefine.wikidata.updates.scheduler.QuickStatementsUpdateSchedulerTest"/>
  <testcase name="testSelfEditOnNewITem" time="0.002" classname="org.openrefine.wikidata.updates.scheduler.QuickStatementsUpdateSchedulerTest"/>
</testsuite> <!-- org.openrefine.wikidata.updates.scheduler.QuickStatementsUpdateSchedulerTest -->
