<?xml version="1.0" encoding="UTF-8"?>
<!-- Generated by org.testng.reporters.JUnitReportReporter -->
<testsuite hostname="lapapotte" name="org.openrefine.wikidata.qa.WikidataConstraintFetcherTests" tests="6" failures="0" timestamp="6 Jan 2020 12:28:47 GMT" time="0.567" errors="0">
  <testcase name="testDistinctValues" time="0.052" classname="org.openrefine.wikidata.qa.WikidataConstraintFetcherTests"/>
  <testcase name="testAllowedQualifiers" time="0.388" classname="org.openrefine.wikidata.qa.WikidataConstraintFetcherTests"/>
  <testcase name="testGetInverseConstraint" time="0.024" classname="org.openrefine.wikidata.qa.WikidataConstraintFetcherTests"/>
  <testcase name="testGetFormatConstraint" time="0.046" classname="org.openrefine.wikidata.qa.WikidataConstraintFetcherTests"/>
  <testcase name="testSingleValue" time="0.021" classname="org.openrefine.wikidata.qa.WikidataConstraintFetcherTests"/>
  <testcase name="testMandatoryQualifiers" time="0.036" classname="org.openrefine.wikidata.qa.WikidataConstraintFetcherTests"/>
</testsuite> <!-- org.openrefine.wikidata.qa.WikidataConstraintFetcherTests -->
