<?xml version="1.0" encoding="UTF-8"?>
<!-- Generated by org.testng.reporters.JUnitReportReporter -->
<testsuite hostname="lapapotte" name="org.openrefine.wikidata.commands.LoginCommandTest" tests="3" failures="0" timestamp="6 Jan 2020 12:28:47 GMT" time="0.022" errors="0">
  <testcase name="testGetNotCsrfProtected" time="0.011" classname="org.openrefine.wikidata.commands.LoginCommandTest"/>
  <testcase name="testCsrfProtection" time="0.005" classname="org.openrefine.wikidata.commands.LoginCommandTest"/>
  <testcase name="testNoCredentials" time="0.006" classname="org.openrefine.wikidata.commands.LoginCommandTest"/>
</testsuite> <!-- org.openrefine.wikidata.commands.LoginCommandTest -->
