<?xml version="1.0" encoding="UTF-8"?>
<!-- Generated by org.testng.reporters.JUnitReportReporter -->
<testsuite hostname="lapapotte" name="org.openrefine.wikidata.schema.WbLocationVariableTest" tests="6" failures="0" timestamp="6 Jan 2020 12:28:47 GMT" time="0.047" errors="0">
  <testcase name="testWhitespace" time="0.010" classname="org.openrefine.wikidata.schema.WbLocationVariableTest"/>
  <testcase name="testOnlyOneValue" time="0.013" classname="org.openrefine.wikidata.schema.WbLocationVariableTest"/>
  <testcase name="testSerialize" time="0.005" classname="org.openrefine.wikidata.schema.WbLocationVariableTest"/>
  <testcase name="testWithSlash" time="0.009" classname="org.openrefine.wikidata.schema.WbLocationVariableTest"/>
  <testcase name="testWithComma" time="0.005" classname="org.openrefine.wikidata.schema.WbLocationVariableTest"/>
  <testcase name="testEmpty" time="0.005" classname="org.openrefine.wikidata.schema.WbLocationVariableTest"/>
</testsuite> <!-- org.openrefine.wikidata.schema.WbLocationVariableTest -->
