<?xml version="1.0" encoding="UTF-8"?>
<!-- Generated by org.testng.reporters.JUnitReportReporter -->
<testsuite hostname="lapapotte" name="org.openrefine.wikidata.schema.WbQuantityExprTest" tests="7" failures="0" timestamp="6 Jan 2020 12:28:47 GMT" time="0.030" errors="0">
  <testcase name="testWithUnit" time="0.003" classname="org.openrefine.wikidata.schema.WbQuantityExprTest"/>
  <testcase name="testExponent" time="0.004" classname="org.openrefine.wikidata.schema.WbQuantityExprTest"/>
  <testcase name="testInvalidAmountWithoutUnit" time="0.004" classname="org.openrefine.wikidata.schema.WbQuantityExprTest"/>
  <testcase name="testWithoutUnit" time="0.004" classname="org.openrefine.wikidata.schema.WbQuantityExprTest"/>
  <testcase name="testInvalidUnitWithAmount" time="0.007" classname="org.openrefine.wikidata.schema.WbQuantityExprTest"/>
  <testcase name="testInvalidAmountWithUnit" time="0.004" classname="org.openrefine.wikidata.schema.WbQuantityExprTest"/>
  <testcase name="testOverflow" time="0.004" classname="org.openrefine.wikidata.schema.WbQuantityExprTest"/>
</testsuite> <!-- org.openrefine.wikidata.schema.WbQuantityExprTest -->
