<?xml version="1.0" encoding="UTF-8"?>
<!-- Generated by org.testng.reporters.JUnitReportReporter -->
<testsuite hostname="lapapotte" name="org.openrefine.wikidata.schema.WbStatementGroupExprTest" tests="4" failures="0" timestamp="6 Jan 2020 12:28:47 GMT" time="0.016" errors="0">
  <testcase name="testSerialize" time="0.005" classname="org.openrefine.wikidata.schema.WbStatementGroupExprTest"/>
  <testcase name="testEvaluate" time="0.005" classname="org.openrefine.wikidata.schema.WbStatementGroupExprTest"/>
  <testcase name="testCreate" time="0.003" classname="org.openrefine.wikidata.schema.WbStatementGroupExprTest"/>
  <testcase name="testSkip" time="0.003" classname="org.openrefine.wikidata.schema.WbStatementGroupExprTest"/>
</testsuite> <!-- org.openrefine.wikidata.schema.WbStatementGroupExprTest -->
